[debug] [2023-05-14T10:40:44.358Z] ----------------------------------------------------------------------
[debug] [2023-05-14T10:40:44.362Z] Command:       C:\Program Files\nodejs\node.exe C:\Users\jorrx\AppData\Roaming\npm\node_modules\firebase-tools\lib\bin\firebase.js init
[debug] [2023-05-14T10:40:44.363Z] CLI Version:   12.0.0
[debug] [2023-05-14T10:40:44.364Z] Platform:      win32
[debug] [2023-05-14T10:40:44.365Z] Node Version:  v18.14.2
[debug] [2023-05-14T10:40:44.367Z] Time:          Sun May 14 2023 14:40:44 GMT+0400 (Армения, стандартное время)
[debug] [2023-05-14T10:40:44.367Z] ----------------------------------------------------------------------
[debug] 
[debug] [2023-05-14T10:40:44.382Z] > command requires scopes: ["email","openid","https://www.googleapis.com/auth/cloudplatformprojects.readonly","https://www.googleapis.com/auth/firebase","https://www.googleapis.com/auth/cloud-platform"]
[debug] [2023-05-14T10:40:44.383Z] > authorizing via signed-in user (joroxachatryan6@gmail.com)
[info] 
     ######## #### ########  ######## ########     ###     ######  ########
     ##        ##  ##     ## ##       ##     ##  ##   ##  ##       ##
     ######    ##  ########  ######   ########  #########  ######  ######
     ##        ##  ##    ##  ##       ##     ## ##     ##       ## ##
     ##       #### ##     ## ######## ########  ##     ##  ######  ########

You're about to initialize a Firebase project in this directory:

  C:\Users\jorrx\OneDrive\Рабочий стол\TASK4

[info] 
=== Project Setup
[info] 
[info] First, let's associate this project directory with a Firebase project.
[info] You can create multiple project aliases by running firebase use --add, 
[info] but for now we'll just set up a default project.
[info] 
[debug] [2023-05-14T10:40:55.759Z] >>> [apiv2][query] GET https://firebase.googleapis.com/v1beta1/projects pageSize=100
[debug] [2023-05-14T10:40:56.533Z] <<< [apiv2][status] GET https://firebase.googleapis.com/v1beta1/projects 200
[debug] [2023-05-14T10:40:56.533Z] <<< [apiv2][body] GET https://firebase.googleapis.com/v1beta1/projects [omitted]
[info] i  Using project chat-50e49 (chat) 
[info] 
=== Hosting Setup
[info] 
[info] Your public directory is the folder (relative to your project directory) that
[info] will contain Hosting assets to be uploaded with firebase deploy. If you
[info] have a build process for your assets, use your build's output directory.
[info] 
[debug] [2023-05-14T10:41:05.939Z] >>> [apiv2][query] GET https://www.gstatic.com/firebasejs/releases.json [none]
[debug] [2023-05-14T10:41:06.119Z] <<< [apiv2][status] GET https://www.gstatic.com/firebasejs/releases.json 200
[debug] [2023-05-14T10:41:06.120Z] <<< [apiv2][body] GET https://www.gstatic.com/firebasejs/releases.json {"current":{"version":"9.22.0","browserURL":"https://www.gstatic.com/firebasejs/9.22.0/firebase.js","packageURL":"https://www.gstatic.com/firebasejs/9.22.0/firebase.tgz"},"live":{"version":"9.22","browserURL":"https://www.gstatic.com/firebasejs/live/9.22/firebase.js","packageURL":"https://www.gstatic.com/firebasejs/live/9.22/firebase.tgz"},"components":{"analytics":"https://www.gstatic.com/firebasejs/9.22.0/firebase-analytics.js","app":"https://www.gstatic.com/firebasejs/9.22.0/firebase-app.js","app-check":"https://www.gstatic.com/firebasejs/9.22.0/firebase-app-check.js","auth":"https://www.gstatic.com/firebasejs/9.22.0/firebase-auth.js","auth/cordova":"https://www.gstatic.com/firebasejs/9.22.0/firebase-auth/cordova.js","auth/react-native":"https://www.gstatic.com/firebasejs/9.22.0/firebase-auth/react-native.js","functions":"https://www.gstatic.com/firebasejs/9.22.0/firebase-functions.js","firestore":"https://www.gstatic.com/firebasejs/9.22.0/firebase-firestore.js","firestore/lite":"https://www.gstatic.com/firebasejs/9.22.0/firebase-firestore/lite.js","installations":"https://www.gstatic.com/firebasejs/9.22.0/firebase-installations.js","storage":"https://www.gstatic.com/firebasejs/9.22.0/firebase-storage.js","performance":"https://www.gstatic.com/firebasejs/9.22.0/firebase-performance.js","remote-config":"https://www.gstatic.com/firebasejs/9.22.0/firebase-remote-config.js","messaging":"https://www.gstatic.com/firebasejs/9.22.0/firebase-messaging.js","messaging/sw":"https://www.gstatic.com/firebasejs/9.22.0/firebase-messaging/sw.js","database":"https://www.gstatic.com/firebasejs/9.22.0/firebase-database.js","firestore.memory":"https://www.gstatic.com/firebasejs/9.22.0/firebase-firestore.memory.js"}}
[info] +  Wrote public/index.html 
[info] 
[info] i  Didn't detect a .git folder. Assuming C:\Users\jorrx\OneDrive\Рабочий стол\TASK4 is the project root. 
[info] i  Authorizing with GitHub to upload your service account to a GitHub repository's secrets store. 
[info] 
[info] Visit this URL on this device to log in:
[info] https://github.com/login/oauth/authorize?client_id=89cf50f02ac6aaed3484&state=950845839&redirect_uri=http%3A%2F%2Flocalhost%3A9005&scope=read%3Auser%20repo%20public_repo
[info] 
[info] Waiting for authentication...
[debug] [2023-05-14T10:41:11.121Z] >>> [apiv2][query] POST https://github.com/login/oauth/access_token [none]
[debug] [2023-05-14T10:41:11.122Z] >>> [apiv2][body] POST https://github.com/login/oauth/access_token [stream]
[debug] [2023-05-14T10:41:11.518Z] <<< [apiv2][status] POST https://github.com/login/oauth/access_token 200
[debug] [2023-05-14T10:41:11.519Z] <<< [apiv2][body] POST https://github.com/login/oauth/access_token {"access_token":"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","token_type":"bearer","scope":"read:user,repo"}
[debug] [2023-05-14T10:41:11.541Z] >>> [apiv2][query] GET https://api.github.com/user [none]
[debug] [2023-05-14T10:41:11.999Z] <<< [apiv2][status] GET https://api.github.com/user 200
[debug] [2023-05-14T10:41:12.000Z] <<< [apiv2][body] GET https://api.github.com/user {"login":"Jorro222","id":133572616,"node_id":"U_kgDOB_YoCA","avatar_url":"https://avatars.githubusercontent.com/u/133572616?v=4","gravatar_id":"","url":"https://api.github.com/users/Jorro222","html_url":"https://github.com/Jorro222","followers_url":"https://api.github.com/users/Jorro222/followers","following_url":"https://api.github.com/users/Jorro222/following{/other_user}","gists_url":"https://api.github.com/users/Jorro222/gists{/gist_id}","starred_url":"https://api.github.com/users/Jorro222/starred{/owner}{/repo}","subscriptions_url":"https://api.github.com/users/Jorro222/subscriptions","organizations_url":"https://api.github.com/users/Jorro222/orgs","repos_url":"https://api.github.com/users/Jorro222/repos","events_url":"https://api.github.com/users/Jorro222/events{/privacy}","received_events_url":"https://api.github.com/users/Jorro222/received_events","type":"User","site_admin":false,"name":null,"company":null,"blog":"","location":null,"email":null,"hireable":null,"bio":null,"twitter_username":null,"public_repos":1,"public_gists":0,"followers":0,"following":0,"created_at":"2023-05-14T10:38:34Z","updated_at":"2023-05-14T10:38:34Z","private_gists":0,"total_private_repos":0,"owned_private_repos":0,"disk_usage":0,"collaborators":0,"two_factor_authentication":false,"plan":{"name":"free","space":976562499,"collaborators":0,"private_repos":10000}}
[info] 
[info] +  Success! Logged into GitHub as Jorro222 
[info] 
